<?xml version="1.0" encoding="UTF-8"?>
<testsuite name="CalculatorTest" tests="4" skipped="0" failures="0" errors="0" timestamp="2022-05-12T20:20:45" hostname="DESKTOP-MUANKEO" time="0.028">
  <properties/>
  <testcase name="testPlus()" classname="CalculatorTest" time="0.017"/>
  <testcase name="testIsPositive()" classname="CalculatorTest" time="0.001"/>
  <testcase name="testHashMap()" classname="CalculatorTest" time="0.006"/>
  <testcase name="testDivide()" classname="CalculatorTest" time="0.003"/>
  <system-out><![CDATA[Start test
Start test
Start test
Start test
]]></system-out>
  <system-err><![CDATA[]]></system-err>
</testsuite>
